<?xml version="1.0" encoding="UTF-8"?>
<!-- Generated by org.testng.reporters.JUnitReportReporter -->
<testsuite hostname="USPL5VDR0L2" name="apptest.WP_Cadastro" tests="2" failures="0" timestamp="10 Oct 2018 11:44:26 GMT" time="118.793" errors="2">
  <testcase name="tearDown" time="36.819" classname="apptest.WP_Cadastro">
    <error type="org.testng.TestNGException" message="
The data provider is trying to pass 0 parameters but the method apptest.WP_Cadastro#tearDown takes 1 and TestNG is unable in inject a suitable object">
      <![CDATA[org.testng.TestNGException: 
The data provider is trying to pass 0 parameters but the method apptest.WP_Cadastro#tearDown takes 1 and TestNG is unable in inject a suitable object
	at org.testng.internal.Invoker.injectParameters(Invoker.java:1249)
	at org.testng.internal.Invoker.invokeTestMethods(Invoker.java:1118)
	at org.testng.internal.TestMethodWorker.invokeTestMethods(TestMethodWorker.java:125)
	at org.testng.internal.TestMethodWorker.run(TestMethodWorker.java:108)
	at org.testng.TestRunner.privateRun(TestRunner.java:774)
	at org.testng.TestRunner.run(TestRunner.java:624)
	at org.testng.SuiteRunner.runTest(SuiteRunner.java:359)
	at org.testng.SuiteRunner.runSequentially(SuiteRunner.java:354)
	at org.testng.SuiteRunner.privateRun(SuiteRunner.java:312)
	at org.testng.SuiteRunner.run(SuiteRunner.java:261)
	at org.testng.SuiteRunnerWorker.runSuite(SuiteRunnerWorker.java:52)
	at org.testng.SuiteRunnerWorker.run(SuiteRunnerWorker.java:86)
	at org.testng.TestNG.runSuitesSequentially(TestNG.java:1215)
	at org.testng.TestNG.runSuitesLocally(TestNG.java:1140)
	at org.testng.TestNG.run(TestNG.java:1048)
	at org.testng.remote.AbstractRemoteTestNG.run(AbstractRemoteTestNG.java:114)
	at org.testng.remote.RemoteTestNG.initAndRun(RemoteTestNG.java:251)
	at org.testng.remote.RemoteTestNG.main(RemoteTestNG.java:77)
Caused by: java.lang.ArrayIndexOutOfBoundsException: 0
	at org.testng.internal.Invoker.injectParameters(Invoker.java:1245)
	... 17 more
]]>
    </error>
  </testcase> <!-- tearDown -->
  <testcase name="cadastro" time="81.974" classname="apptest.WP_Cadastro">
    <error type="org.openqa.selenium.WebDriverException" message="javascript error (javascript error. An unknown server-side error occurred. status=&#039;false&#039;. Failed to complete internal method: &#039;elementListSelect args: [xpath=//*[@id=&#039;date_picker_year_picker&#039;], text=1994, 0, true]&#039;, details: Element was not identified: &#039;//*[@text=&#039;1994&#039; ]&#039; at zone NATIVE)  (WARNING: The server did not provide any stacktrace information)
Command duration or timeout: 14.85 seconds
Build info: version: &#039;2.53.1&#039;, revision: &#039;a36b8b1cd5757287168e54b817830adce9b0158d&#039;, time: &#039;2016-06-30 19:26:09&#039;
System info: host: &#039;USPL5VDR0L2&#039;, ip: &#039;10.12.73.80&#039;, os.name: &#039;Windows 7&#039;, os.arch: &#039;amd64&#039;, os.version: &#039;6.1&#039;, java.version: &#039;1.8.0_162&#039;
Driver info: io.appium.java_client.android.AndroidDriver
Capabilities [{device.majorVersion=7, dontGoHomeOnQuit=false, device.os=Android, noReset=false, dontStopAppOnReset=false, reservationDuration=240, reportFormat=xml, fullReset=false, platform=ANY, deviceUDID=LGUS997569cab50, desired={deviceQuery=@serialnumber=&#039;LGUS997569cab50&#039;, reportDirectory=reports, reportFormat=xml, platformName=Android, testName=wp_TED_CadastroValido}, device.serialNumber=LGUS997569cab50, locationServicesAuthorized=false, device.version=7.0, deviceQuery=@serialnumber=&#039;LGUS997569cab50&#039;, reportDirectory=reports, autoWebview=false, platformName=Android, udid=LGUS997569cab50, testName=wp_TED_CadastroValido, device.screenSize=1440x2880, useKeystore=false, test.type=Mobile, cloudViewLink=https://uscloud.experitest.com/agent-3/#/o3kkCnLTRsomiOBS?1
Picked up Grid Node (seetest_7830)
Reserved Device : LG G6 US-0036, device.manufacture=LGE, instrumentApp=false, appiumVersion=1.8.0, device.category=PHONE, autoDismissAlerts=false, reportUrl=https://uscloud-reporter.experitest.com/#/test/60/project/Whirlpool _POC/, newSessionWaitTimeout=300, keystorePath=~/.android/debug.keystore, waitForDeviceTimeout=120000, device.model=LGUS997, device.name=LG G6 US-0036, autoGrantPermissions=false, projectName=, gridNodePort=7830, autoAcceptAlerts=false}]
Session ID: CLOUD-SID:2018-10-10_04-42-35-e0d6b7be-44d7-462e-bdc0-23945d524c2e">
      <![CDATA[org.openqa.selenium.WebDriverException: javascript error (javascript error. An unknown server-side error occurred. status='false'. Failed to complete internal method: 'elementListSelect args: [xpath=//*[@id='date_picker_year_picker'], text=1994, 0, true]', details: Element was not identified: '//*[@text='1994' ]' at zone NATIVE)  (WARNING: The server did not provide any stacktrace information)
Command duration or timeout: 14.85 seconds
Build info: version: '2.53.1', revision: 'a36b8b1cd5757287168e54b817830adce9b0158d', time: '2016-06-30 19:26:09'
System info: host: 'USPL5VDR0L2', ip: '10.12.73.80', os.name: 'Windows 7', os.arch: 'amd64', os.version: '6.1', java.version: '1.8.0_162'
Driver info: io.appium.java_client.android.AndroidDriver
Capabilities [{device.majorVersion=7, dontGoHomeOnQuit=false, device.os=Android, noReset=false, dontStopAppOnReset=false, reservationDuration=240, reportFormat=xml, fullReset=false, platform=ANY, deviceUDID=LGUS997569cab50, desired={deviceQuery=@serialnumber='LGUS997569cab50', reportDirectory=reports, reportFormat=xml, platformName=Android, testName=wp_TED_CadastroValido}, device.serialNumber=LGUS997569cab50, locationServicesAuthorized=false, device.version=7.0, deviceQuery=@serialnumber='LGUS997569cab50', reportDirectory=reports, autoWebview=false, platformName=Android, udid=LGUS997569cab50, testName=wp_TED_CadastroValido, device.screenSize=1440x2880, useKeystore=false, test.type=Mobile, cloudViewLink=https://uscloud.experitest.com/agent-3/#/o3kkCnLTRsomiOBS?1
Picked up Grid Node (seetest_7830)
Reserved Device : LG G6 US-0036, device.manufacture=LGE, instrumentApp=false, appiumVersion=1.8.0, device.category=PHONE, autoDismissAlerts=false, reportUrl=https://uscloud-reporter.experitest.com/#/test/60/project/Whirlpool _POC/, newSessionWaitTimeout=300, keystorePath=~/.android/debug.keystore, waitForDeviceTimeout=120000, device.model=LGUS997, device.name=LG G6 US-0036, autoGrantPermissions=false, projectName=, gridNodePort=7830, autoAcceptAlerts=false}]
Session ID: CLOUD-SID:2018-10-10_04-42-35-e0d6b7be-44d7-462e-bdc0-23945d524c2e
	at sun.reflect.NativeConstructorAccessorImpl.newInstance0(Native Method)
	at sun.reflect.NativeConstructorAccessorImpl.newInstance(Unknown Source)
	at sun.reflect.DelegatingConstructorAccessorImpl.newInstance(Unknown Source)
	at java.lang.reflect.Constructor.newInstance(Unknown Source)
	at org.openqa.selenium.remote.ErrorHandler.createThrowable(ErrorHandler.java:206)
	at org.openqa.selenium.remote.ErrorHandler.throwIfResponseFailed(ErrorHandler.java:158)
	at org.openqa.selenium.remote.RemoteWebDriver.execute(RemoteWebDriver.java:678)
	at io.appium.java_client.DefaultGenericMobileDriver.execute(DefaultGenericMobileDriver.java:40)
	at io.appium.java_client.AppiumDriver.execute(AppiumDriver.java:1)
	at io.appium.java_client.android.AndroidDriver.execute(AndroidDriver.java:1)
	at org.openqa.selenium.remote.RemoteWebDriver.executeScript(RemoteWebDriver.java:577)
	at com.experitest.appium.SeeTestClient.execute(SeeTestClient.java:31)
	at com.experitest.appium.SeeTestClient.execute(SeeTestClient.java:27)
	at com.experitest.appium.SeeTestClient.elementListSelect(SeeTestClient.java:233)
	at apptest.WP_Cadastro.cadastro(WP_Cadastro.java:70)
	at sun.reflect.NativeMethodAccessorImpl.invoke0(Native Method)
	at sun.reflect.NativeMethodAccessorImpl.invoke(Unknown Source)
	at sun.reflect.DelegatingMethodAccessorImpl.invoke(Unknown Source)
	at java.lang.reflect.Method.invoke(Unknown Source)
	at org.testng.internal.MethodInvocationHelper.invokeMethod(MethodInvocationHelper.java:85)
	at org.testng.internal.Invoker.invokeMethod(Invoker.java:639)
	at org.testng.internal.Invoker.invokeTestMethod(Invoker.java:816)
	at org.testng.internal.Invoker.invokeTestMethods(Invoker.java:1124)
	at org.testng.internal.TestMethodWorker.invokeTestMethods(TestMethodWorker.java:125)
	at org.testng.internal.TestMethodWorker.run(TestMethodWorker.java:108)
	at org.testng.TestRunner.privateRun(TestRunner.java:774)
	at org.testng.TestRunner.run(TestRunner.java:624)
	at org.testng.SuiteRunner.runTest(SuiteRunner.java:359)
	at org.testng.SuiteRunner.runSequentially(SuiteRunner.java:354)
	at org.testng.SuiteRunner.privateRun(SuiteRunner.java:312)
	at org.testng.SuiteRunner.run(SuiteRunner.java:261)
	at org.testng.SuiteRunnerWorker.runSuite(SuiteRunnerWorker.java:52)
	at org.testng.SuiteRunnerWorker.run(SuiteRunnerWorker.java:86)
	at org.testng.TestNG.runSuitesSequentially(TestNG.java:1215)
	at org.testng.TestNG.runSuitesLocally(TestNG.java:1140)
	at org.testng.TestNG.run(TestNG.java:1048)
	at org.testng.remote.AbstractRemoteTestNG.run(AbstractRemoteTestNG.java:114)
	at org.testng.remote.RemoteTestNG.initAndRun(RemoteTestNG.java:251)
	at org.testng.remote.RemoteTestNG.main(RemoteTestNG.java:77)
]]>
    </error>
  </testcase> <!-- cadastro -->
</testsuite> <!-- apptest.WP_Cadastro -->
